LINE:100, FUNC:main, FILE:train.py, TIME:2021-03-07 02:22:02.183384, CONTENT:
[tensor: 4 * Size:(64, 5408) | Memory: 5.2812 M | <class 'torch.nn.parameter.Parameter'>]
[tensor: 2 * Size:(32, 6, 3, 3) | Memory: 0.0131 M | <class 'torch.nn.parameter.Parameter'>]
[tensor: 2 * Size:(9, 64) | Memory: 0.0043 M | <class 'torch.nn.parameter.Parameter'>]
[tensor: 4 * Size:(32,) | Memory: 0.0004 M | <class 'torch.nn.parameter.Parameter'>]
[tensor: 4 * Size:(64, 64) | Memory: 0.0625 M | <class 'torch.nn.parameter.Parameter'>]
[tensor: 8 * Size:(64,) | Memory: 0.0019 M | <class 'torch.nn.parameter.Parameter'>]
[tensor: 2 * Size:(1, 64) | Memory: 0.0004 M | <class 'torch.nn.parameter.Parameter'>]
[tensor: 2 * Size:(9,) | Memory: 6.8664 M | <class 'torch.nn.parameter.Parameter'>]
[tensor: 2 * Size:(32, 3, 3, 3) | Memory: 0.0065 M | <class 'torch.nn.parameter.Parameter'>]
[tensor: 2 * Size:(1,) | Memory: 7.6293 M | <class 'torch.nn.parameter.Parameter'>]
memory_allocated:5.377930 Mb
max_memory_allocated:5.377930 Mb
memory_cached:22.000000 Mb
max_memory_cached:22.000000 Mb
Used Memory:812.000000 Mb
Free Memory:10207.437500 Mb
Total Memory:11019.437500 Mb
LINE:174, FUNC:main, FILE:train.py, TIME:2021-03-07 02:22:02.662264, CONTENT:
[tensor: 4 * Size:(64, 5408) | Memory: 5.2812 M | <class 'torch.nn.parameter.Parameter'>]
[tensor: 2 * Size:(51, 256, 6, 15, 15) | Memory: 134.47 M | <class 'torch.Tensor'>]
[tensor: 16 * Size:(51, 256, 1) | Memory: 0.7968 M | <class 'torch.Tensor'>]
[tensor: 2 * Size:(32, 6, 3, 3) | Memory: 0.0131 M | <class 'torch.nn.parameter.Parameter'>]
[tensor: 2 * Size:(9, 64) | Memory: 0.0043 M | <class 'torch.nn.parameter.Parameter'>]
[tensor: 4 * Size:(32,) | Memory: 0.0004 M | <class 'torch.nn.parameter.Parameter'>]
[tensor: 4 * Size:(64, 64) | Memory: 0.0625 M | <class 'torch.nn.parameter.Parameter'>]
[tensor: 8 * Size:(64,) | Memory: 0.0019 M | <class 'torch.nn.parameter.Parameter'>]
[tensor: 7 * Size:(256, 1) | Memory: 0.0068 M | <class 'torch.Tensor'>]
[tensor: 2 * Size:(1, 64) | Memory: 0.0004 M | <class 'torch.nn.parameter.Parameter'>]
[tensor: 6 * Size:(50, 256, 1) | Memory: 0.2929 M | <class 'torch.Tensor'>]
[tensor: 2 * Size:(9,) | Memory: 6.8664 M | <class 'torch.nn.parameter.Parameter'>]
[tensor: 2 * Size:(32, 3, 3, 3) | Memory: 0.0065 M | <class 'torch.nn.parameter.Parameter'>]
[tensor: 2 * Size:(51, 256, 3, 15, 15) | Memory: 67.236 M | <class 'torch.Tensor'>]
[tensor: 2 * Size:(1,) | Memory: 7.6293 M | <class 'torch.nn.parameter.Parameter'>]
memory_allocated:210.569336 Mb
max_memory_allocated:223.167969 Mb
memory_cached:228.000000 Mb
max_memory_cached:228.000000 Mb
Used Memory:1082.000000 Mb
Free Memory:9937.437500 Mb
Total Memory:11019.437500 Mb
LINE:174, FUNC:main, FILE:train.py, TIME:2021-03-07 02:22:02.802607, CONTENT:
[tensor: 4 * Size:(64, 5408) | Memory: 5.2812 M | <class 'torch.nn.parameter.Parameter'>]
[tensor: 2 * Size:(51, 256, 6, 15, 15) | Memory: 134.47 M | <class 'torch.Tensor'>]
[tensor: 16 * Size:(51, 256, 1) | Memory: 0.7968 M | <class 'torch.Tensor'>]
[tensor: 2 * Size:(32, 6, 3, 3) | Memory: 0.0131 M | <class 'torch.nn.parameter.Parameter'>]
[tensor: 2 * Size:(9, 64) | Memory: 0.0043 M | <class 'torch.nn.parameter.Parameter'>]
[tensor: 4 * Size:(32,) | Memory: 0.0004 M | <class 'torch.nn.parameter.Parameter'>]
[tensor: 4 * Size:(64, 64) | Memory: 0.0625 M | <class 'torch.nn.parameter.Parameter'>]
[tensor: 8 * Size:(64,) | Memory: 0.0019 M | <class 'torch.nn.parameter.Parameter'>]
[tensor: 2 * Size:(1, 64) | Memory: 0.0004 M | <class 'torch.nn.parameter.Parameter'>]
[tensor: 6 * Size:(50, 256, 1) | Memory: 0.2929 M | <class 'torch.Tensor'>]
[tensor: 2 * Size:(9,) | Memory: 6.8664 M | <class 'torch.nn.parameter.Parameter'>]
[tensor: 2 * Size:(32, 3, 3, 3) | Memory: 0.0065 M | <class 'torch.nn.parameter.Parameter'>]
[tensor: 2 * Size:(51, 256, 3, 15, 15) | Memory: 67.236 M | <class 'torch.Tensor'>]
[tensor: 2 * Size:(1,) | Memory: 7.6293 M | <class 'torch.nn.parameter.Parameter'>]
[tensor: 14 * Size:(256, 1) | Memory: 0.0136 M | <class 'torch.Tensor'>]
memory_allocated:210.573242 Mb
max_memory_allocated:223.171875 Mb
memory_cached:228.000000 Mb
max_memory_cached:228.000000 Mb
Used Memory:1082.000000 Mb
Free Memory:9937.437500 Mb
Total Memory:11019.437500 Mb
LINE:100, FUNC:main, FILE:train.py, TIME:2021-03-07 02:25:13.346112, CONTENT:
[tensor: 2 * Size:(32, 3, 3, 3) | Memory: 0.0065 M | <class 'torch.nn.parameter.Parameter'>]
[tensor: 2 * Size:(9, 64) | Memory: 0.0043 M | <class 'torch.nn.parameter.Parameter'>]
[tensor: 2 * Size:(32, 6, 3, 3) | Memory: 0.0131 M | <class 'torch.nn.parameter.Parameter'>]
[tensor: 4 * Size:(64, 64) | Memory: 0.0625 M | <class 'torch.nn.parameter.Parameter'>]
[tensor: 4 * Size:(32,) | Memory: 0.0004 M | <class 'torch.nn.parameter.Parameter'>]
[tensor: 2 * Size:(1, 64) | Memory: 0.0004 M | <class 'torch.nn.parameter.Parameter'>]
[tensor: 8 * Size:(64,) | Memory: 0.0019 M | <class 'torch.nn.parameter.Parameter'>]
[tensor: 2 * Size:(9,) | Memory: 6.8664 M | <class 'torch.nn.parameter.Parameter'>]
[tensor: 4 * Size:(64, 5408) | Memory: 5.2812 M | <class 'torch.nn.parameter.Parameter'>]
[tensor: 2 * Size:(1,) | Memory: 7.6293 M | <class 'torch.nn.parameter.Parameter'>]
memory_allocated:5.377930 Mb
max_memory_allocated:5.377930 Mb
memory_cached:22.000000 Mb
max_memory_cached:22.000000 Mb
Used Memory:812.000000 Mb
Free Memory:10207.437500 Mb
Total Memory:11019.437500 Mb
LINE:100, FUNC:main, FILE:train.py, TIME:2021-03-07 02:27:49.049711, CONTENT:
[tensor: 2 * Size:(32, 3, 3, 3) | Memory: 0.0065 M | <class 'torch.nn.parameter.Parameter'>]
[tensor: 2 * Size:(9, 64) | Memory: 0.0043 M | <class 'torch.nn.parameter.Parameter'>]
[tensor: 2 * Size:(32, 6, 3, 3) | Memory: 0.0131 M | <class 'torch.nn.parameter.Parameter'>]
[tensor: 4 * Size:(32,) | Memory: 0.0004 M | <class 'torch.nn.parameter.Parameter'>]
[tensor: 4 * Size:(64, 64) | Memory: 0.0625 M | <class 'torch.nn.parameter.Parameter'>]
[tensor: 2 * Size:(1, 64) | Memory: 0.0004 M | <class 'torch.nn.parameter.Parameter'>]
[tensor: 8 * Size:(64,) | Memory: 0.0019 M | <class 'torch.nn.parameter.Parameter'>]
[tensor: 2 * Size:(9,) | Memory: 6.8664 M | <class 'torch.nn.parameter.Parameter'>]
[tensor: 4 * Size:(64, 5408) | Memory: 5.2812 M | <class 'torch.nn.parameter.Parameter'>]
[tensor: 2 * Size:(1,) | Memory: 7.6293 M | <class 'torch.nn.parameter.Parameter'>]
memory_allocated:5.377930 Mb
max_memory_allocated:5.377930 Mb
memory_cached:22.000000 Mb
max_memory_cached:22.000000 Mb
Used Memory:812.000000 Mb
Free Memory:10207.437500 Mb
Total Memory:11019.437500 Mb
LINE:100, FUNC:main, FILE:/home/liyunfei/lsy/ssd/train.py, TIME:2021-03-07 02:29:30.099424, CONTENT:
[tensor: 2 * Size:(1,) | Memory: 7.6293 M | <class 'torch.nn.parameter.Parameter'>]
[tensor: 2 * Size:(1, 64) | Memory: 0.0004 M | <class 'torch.nn.parameter.Parameter'>]
[tensor: 8 * Size:(64,) | Memory: 0.0019 M | <class 'torch.nn.parameter.Parameter'>]
[tensor: 2 * Size:(9,) | Memory: 6.8664 M | <class 'torch.nn.parameter.Parameter'>]
[tensor: 2 * Size:(9, 64) | Memory: 0.0043 M | <class 'torch.nn.parameter.Parameter'>]
[tensor: 2 * Size:(32, 6, 3, 3) | Memory: 0.0131 M | <class 'torch.nn.parameter.Parameter'>]
[tensor: 4 * Size:(64, 64) | Memory: 0.0625 M | <class 'torch.nn.parameter.Parameter'>]
[tensor: 4 * Size:(32,) | Memory: 0.0004 M | <class 'torch.nn.parameter.Parameter'>]
[tensor: 2 * Size:(32, 3, 3, 3) | Memory: 0.0065 M | <class 'torch.nn.parameter.Parameter'>]
[tensor: 4 * Size:(64, 5408) | Memory: 5.2812 M | <class 'torch.nn.parameter.Parameter'>]
memory_allocated:5.377930 Mb
max_memory_allocated:5.377930 Mb
memory_cached:22.000000 Mb
max_memory_cached:22.000000 Mb
Used Memory:812.000000 Mb
Free Memory:10207.437500 Mb
Total Memory:11019.437500 Mb
LINE:100, FUNC:main, FILE:/home/liyunfei/lsy/ssd/train.py, TIME:2021-03-07 02:33:29.902394, CONTENT:
[tensor: 2 * Size:(32, 6, 3, 3) | Memory: 0.0131 M | <class 'torch.nn.parameter.Parameter'>]
[tensor: 2 * Size:(9, 64) | Memory: 0.0043 M | <class 'torch.nn.parameter.Parameter'>]
[tensor: 2 * Size:(32, 3, 3, 3) | Memory: 0.0065 M | <class 'torch.nn.parameter.Parameter'>]
[tensor: 4 * Size:(32,) | Memory: 0.0004 M | <class 'torch.nn.parameter.Parameter'>]
[tensor: 2 * Size:(1,) | Memory: 7.6293 M | <class 'torch.nn.parameter.Parameter'>]
[tensor: 4 * Size:(64, 5408) | Memory: 5.2812 M | <class 'torch.nn.parameter.Parameter'>]
[tensor: 2 * Size:(9,) | Memory: 6.8664 M | <class 'torch.nn.parameter.Parameter'>]
[tensor: 8 * Size:(64,) | Memory: 0.0019 M | <class 'torch.nn.parameter.Parameter'>]
[tensor: 2 * Size:(1, 64) | Memory: 0.0004 M | <class 'torch.nn.parameter.Parameter'>]
[tensor: 4 * Size:(64, 64) | Memory: 0.0625 M | <class 'torch.nn.parameter.Parameter'>]
memory_allocated:5.377930 Mb
max_memory_allocated:5.377930 Mb
memory_cached:22.000000 Mb
max_memory_cached:22.000000 Mb
Used Memory:812.000000 Mb
Free Memory:10207.437500 Mb
Total Memory:11019.437500 Mb
LINE:195, FUNC:main, FILE:/home/liyunfei/lsy/ssd/train.py, TIME:2021-03-07 02:33:51.005704, CONTENT:
[tensor: 6 * Size:(50, 32, 1) | Memory: 0.0366 M | <class 'torch.Tensor'>]
[tensor: 2 * Size:(32, 6, 3, 3) | Memory: 0.0131 M | <class 'torch.nn.parameter.Parameter'>]
[tensor: 2 * Size:(9, 64) | Memory: 0.0043 M | <class 'torch.nn.parameter.Parameter'>]
[tensor: 16 * Size:(51, 32, 1) | Memory: 0.0996 M | <class 'torch.Tensor'>]
[tensor: 2 * Size:(32, 3, 3, 3) | Memory: 0.0065 M | <class 'torch.nn.parameter.Parameter'>]
[tensor: 2 * Size:(51, 32, 3, 15, 15) | Memory: 8.4045 M | <class 'torch.Tensor'>]
[tensor: 66 * Size:(1,) | Memory: 0.0002 M | <class 'torch.Tensor'>]
[tensor: 14 * Size:(32, 1) | Memory: 0.0017 M | <class 'torch.Tensor'>]
[tensor: 66 * Size:(1,) | Memory: 0.0002 M | <class 'torch.nn.parameter.Parameter'>]
[tensor: 2 * Size:(51, 32, 6, 15, 15) | Memory: 16.809 M | <class 'torch.Tensor'>]
[tensor: 4 * Size:(64, 5408) | Memory: 5.2812 M | <class 'torch.nn.parameter.Parameter'>]
[tensor: 2 * Size:(9,) | Memory: 6.8664 M | <class 'torch.nn.parameter.Parameter'>]
[tensor: 8 * Size:(64,) | Memory: 0.0019 M | <class 'torch.nn.parameter.Parameter'>]
[tensor: 2 * Size:(1, 64) | Memory: 0.0004 M | <class 'torch.nn.parameter.Parameter'>]
[tensor: 4 * Size:(64, 64) | Memory: 0.0625 M | <class 'torch.nn.parameter.Parameter'>]
[tensor: 4 * Size:(32,) | Memory: 0.0004 M | <class 'torch.nn.parameter.Parameter'>]
memory_allocated:30.747070 Mb
max_memory_allocated:32.321289 Mb
memory_cached:42.000000 Mb
max_memory_cached:42.000000 Mb
Used Memory:896.000000 Mb
Free Memory:10123.437500 Mb
Total Memory:11019.437500 Mb
LINE:100, FUNC:main, FILE:train.py, TIME:2021-03-07 02:37:58.726108, CONTENT:
[tensor: 4 * Size:(32,) | Memory: 0.0004 M | <class 'torch.nn.parameter.Parameter'>]
[tensor: 4 * Size:(64, 64) | Memory: 0.0625 M | <class 'torch.nn.parameter.Parameter'>]
[tensor: 8 * Size:(64,) | Memory: 0.0019 M | <class 'torch.nn.parameter.Parameter'>]
[tensor: 2 * Size:(1,) | Memory: 7.6293 M | <class 'torch.nn.parameter.Parameter'>]
[tensor: 2 * Size:(32, 3, 3, 3) | Memory: 0.0065 M | <class 'torch.nn.parameter.Parameter'>]
[tensor: 2 * Size:(9, 64) | Memory: 0.0043 M | <class 'torch.nn.parameter.Parameter'>]
[tensor: 4 * Size:(64, 5408) | Memory: 5.2812 M | <class 'torch.nn.parameter.Parameter'>]
[tensor: 2 * Size:(1, 64) | Memory: 0.0004 M | <class 'torch.nn.parameter.Parameter'>]
[tensor: 2 * Size:(32, 6, 3, 3) | Memory: 0.0131 M | <class 'torch.nn.parameter.Parameter'>]
[tensor: 2 * Size:(9,) | Memory: 6.8664 M | <class 'torch.nn.parameter.Parameter'>]
memory_allocated:5.377930 Mb
max_memory_allocated:5.377930 Mb
memory_cached:22.000000 Mb
max_memory_cached:22.000000 Mb
Used Memory:812.000000 Mb
Free Memory:10207.437500 Mb
Total Memory:11019.437500 Mb
LINE:195, FUNC:main, FILE:train.py, TIME:2021-03-07 02:37:59.069067, CONTENT:
[tensor: 4 * Size:(32,) | Memory: 0.0004 M | <class 'torch.nn.parameter.Parameter'>]
[tensor: 4 * Size:(64, 64) | Memory: 0.0625 M | <class 'torch.nn.parameter.Parameter'>]
[tensor: 8 * Size:(64,) | Memory: 0.0019 M | <class 'torch.nn.parameter.Parameter'>]
[tensor: 66 * Size:(1,) | Memory: 0.0002 M | <class 'torch.nn.parameter.Parameter'>]
[tensor: 2 * Size:(51, 32, 3, 15, 15) | Memory: 8.4045 M | <class 'torch.Tensor'>]
[tensor: 2 * Size:(32, 3, 3, 3) | Memory: 0.0065 M | <class 'torch.nn.parameter.Parameter'>]
[tensor: 14 * Size:(32, 1) | Memory: 0.0017 M | <class 'torch.Tensor'>]
[tensor: 2 * Size:(9, 64) | Memory: 0.0043 M | <class 'torch.nn.parameter.Parameter'>]
[tensor: 66 * Size:(1,) | Memory: 0.0002 M | <class 'torch.Tensor'>]
[tensor: 16 * Size:(51, 32, 1) | Memory: 0.0996 M | <class 'torch.Tensor'>]
[tensor: 4 * Size:(64, 5408) | Memory: 5.2812 M | <class 'torch.nn.parameter.Parameter'>]
[tensor: 2 * Size:(1, 64) | Memory: 0.0004 M | <class 'torch.nn.parameter.Parameter'>]
[tensor: 2 * Size:(51, 32, 6, 15, 15) | Memory: 16.809 M | <class 'torch.Tensor'>]
[tensor: 2 * Size:(32, 6, 3, 3) | Memory: 0.0131 M | <class 'torch.nn.parameter.Parameter'>]
[tensor: 2 * Size:(9,) | Memory: 6.8664 M | <class 'torch.nn.parameter.Parameter'>]
[tensor: 6 * Size:(50, 32, 1) | Memory: 0.0366 M | <class 'torch.Tensor'>]
memory_allocated:30.747070 Mb
max_memory_allocated:32.321289 Mb
memory_cached:42.000000 Mb
max_memory_cached:42.000000 Mb
Used Memory:896.000000 Mb
Free Memory:10123.437500 Mb
Total Memory:11019.437500 Mb
LINE:100, FUNC:main, FILE:train.py, TIME:2021-03-07 02:39:24.473404, CONTENT:
memory_allocated:0.000000 Mb
max_memory_allocated:0.000000 Mb
memory_cached:0.000000 Mb
max_memory_cached:0.000000 Mb
Used Memory:6.187500 Mb
Free Memory:11013.250000 Mb
Total Memory:11019.437500 Mb
LINE:195, FUNC:main, FILE:train.py, TIME:2021-03-07 02:39:27.580952, CONTENT:
